guideXOSServer server starting...
[lifecycle] phase -> PlatformDiscovery
[lifecycle] phase -> MemoryReady
[lifecycle] phase -> SchedulerReady
[lifecycle] phase -> IpcReady
[lifecycle] phase -> DesktopStateReady
AppRegistry initializing, count=1
AppRegistry manifest scan succeeded: scanned=2, registered=1
Invalid app manifest: com.guidexos.resourceviewer /Apps\ResourceViewer\app.json Unknown permission: draw; 
Registered app: Hello World
Registered app: Notepad
Registered app: Calculator
Registered app: Clock
Registered app: Console
Registered app: FileExplorer
Registered app: TaskManager
Registered app: Paint
Registered app: ImageViewer
Registered app: OnScreenKeyboard
Registered app: ShutdownDialog
Registered app: DiskManager
Registered app: ControlPanel
Registered app: HDInstaller
AppRegistry initialized, desktop apps=14
Desktop state loaded
NotificationManager initialized
Firewall initialized (Normal mode)
Module registered: Notepad
Module registered: Calculator
Module registered: Paint
Module registered: ImageViewer
Module registered: Clock
Module registered: TaskManager
Module registered: FileExplorer
Module registered: Console
Module registered: OnScreenKeyboard
Module registered: ShutdownDialog
Built-in modules registered (10)
[lifecycle] phase -> ServicesReady
[lifecycle] phase -> Interactive
Commands:
 mem | alloc <n> | tasks | log
 spawn <echo|worker> [args...] | plist
 send <pid> <text> | recv <pid>
 bus.sub <chan> <pid> | bus.unsub <chan> <pid>
 bus.pub <chan> <text> [fanout] | bus.pop <chan> [timeoutMs]
 bus.cap <chan> <cap> | bus.stats <chan>
 console.start | console.send <text> | console.pop [timeoutMs]
 gui.start | gui.win <title> [w h] | gui.text <id> <text> | gui.close <id>
 gui.rect <id> <x> <y> <w> <h> <r> <g> <b> | gui.move <id> <x> <y> | gui.resize <id> <w> <h> | gui.title <id> <title>
 gui.btn <win> <id> <x> <y> <w> <h> <text> | gui.pop | gui.wlist | gui.activate <id> | gui.min <id>
 gxm.load <path> | gxm.sample | gui.save <path> | gui.load <path>
 desktop.wallpaper <path> | desktop.launch <action> | desktop.pin <action> | desktop.unpin <action> | desktop.showconfig
 desktop.apps | desktop.pinned | desktop.recent | desktop.pinapp <name> | desktop.pinfile <name> <path>
 taskbar.list | taskbar.activate <id> | taskbar.min <id> | taskbar.close <id>
 workspace.switch <n> | workspace.next | workspace.prev | workspace.current
 notepad | notepad <file>
 calculator
 console | console.start | console.send <text> | console.pop [timeoutMs]
 files | files <path>
 clock
 taskmgr
 paint
 imgview [file] | osk
 shutdown | msgbox <text> | welcome
 notify <text> | notify.clear
 fw.mode <normal|block|disabled|auto> | fw.allow <name> | fw.list | fw.alerts
 modules | module.launch <name>
 pkg.install <path.gxapp> | pkg.launch <app> | pkg.list | pkg.validate <path.gxapp>
 proc.wait <pid> [timeoutMs] | proc.status <pid>
 vfs.mkdir <path> | vfs.write <path> <text> | vfs.read <path> | vfs.ls <path>
 vnc.start [port] | vnc.stop | vnc.status
 pbytes | help | quit/exit
[lifecycle] phase -> ServicesReady
[lifecycle] console pid=10
Console pid=10
ConsoleService started
Bus::publish queueing msg type=10 to channel=console.input
Sent to console
Bus::publish queueing msg type=0 to channel=console.output
Console: AppRegistry diagnostic
initialized=true initCount=1
sources:
  SystemApps /system/apps
  Package /Apps
  UserApps /users/default/apps
manifestScan scanned=2 registered=1
builtInRegister scanned=13 registered=14
invalidManifests: 1
  source=Package id=com.guidexos.resourceviewer path=/Apps\ResourceViewer\app.json errors=Unknown permission: draw
duplicateAppIds(manifestScan): 0
duplicateAppIds(builtInRegister): 0
registeredApps: 14
  id=com.guidexos.helloworld displayName=Hello World kind=NativeElf icon=resources/icon.png launchName=Hello World source=Package
  id=gxos.builtin.notepad displayName=Notepad kind=BuiltIn icon= launchName=Notepad source=BuiltIn
  id=gxos.builtin.calculator displayName=Calculator kind=BuiltIn icon= launchName=Calculator source=BuiltIn
  id=gxos.builtin.clock displayName=Clock kind=BuiltIn icon= launchName=Clock source=BuiltIn
  id=gxos.builtin.console displayName=Console kind=BuiltIn icon= launchName=Console source=BuiltIn
  id=gxos.builtin.fileexplorer displayName=FileExplorer kind=BuiltIn icon= launchName=FileExplorer source=BuiltIn
  id=gxos.builtin.taskmanager displayName=TaskManager kind=BuiltIn icon= launchName=TaskManager source=BuiltIn
  id=gxos.builtin.paint displayName=Paint kind=BuiltIn icon= launchName=Paint source=BuiltIn
  id=gxos.builtin.imageviewer displayName=ImageViewer kind=BuiltIn icon= launchName=ImageViewer source=BuiltIn
  id=gxos.builtin.onscreenkeyboard displayName=OnScreenKeyboard kind=BuiltIn icon= launchName=OnScreenKeyboard source=BuiltIn
  id=gxos.builtin.shutdowndialog displayName=ShutdownDialog kind=BuiltIn icon= launchName=ShutdownDialog source=BuiltIn
  id=gxos.builtin.diskmanager displayName=DiskManager kind=BuiltIn icon= launchName=DiskManager source=BuiltIn
  id=gxos.builtin.controlpanel displayName=ControlPanel kind=BuiltIn icon= launchName=ControlPanel source=BuiltIn
  id=gxos.builtin.hdinstaller displayName=HDInstaller kind=BuiltIn icon= launchName=HDInstaller source=BuiltIn availability=unavailable reason=HD Installer is not available in this runtime target
launchPolicy: BuiltIn uses existing hardcoded launch branch; NativeElf/GXAppPackage return: manifest found but execution is not implemented yet

Bus::publish queueing msg type=10 to channel=console.input
Sent to console
Bus::publish queueing msg type=0 to channel=console.output
Console: nativeapp.inspect com.guidexos.resourceviewer
Result: app not found

Bus::publish queueing msg type=10 to channel=console.input
Sent to console
Bus::publish queueing msg type=0 to channel=console.output
Console: NativeAppPipelineSmokeTest(com.guidexos.resourceviewer)
nativeapp.inspect com.guidexos.resourceviewer
Result: app not found

Expected: find manifest, validate ELF if present, load image, prepare runtime, stop at executor gate unless experimental execution is enabled.

[lifecycle] phase -> ShuttingDown
[lifecycle] console stop is SHADOWED (no teardown hook yet)
[lifecycle] phase -> Stopped
guideXOSServer server exiting.
