d:\devgitlab\guidexos\guidexos.uefi\guidexosbootloader\x64\debug\vc143.pdb
d:\devgitlab\guidexos\guidexos.uefi\guidexosbootloader\x64\debug\vc143.idb
d:\devgitlab\guidexos\guidexos.uefi\guidexosbootloader\x64\debug\paging.obj
d:\devgitlab\guidexos\guidexos.uefi\guidexosbootloader\x64\debug\uefi_guids.obj
d:\devgitlab\guidexos\guidexos.uefi\guidexosbootloader\x64\debug\guidexosbootinfo_validation.obj
d:\devgitlab\guidexos\guidexos.uefi\guidexosbootloader\x64\debug\fb_console.obj
d:\devgitlab\guidexos\guidexos.uefi\guidexosbootloader\x64\debug\main.obj
d:\devgitlab\guidexos\guidexos.uefi\guidexosbootloader\x64\debug\elf.obj
d:\devgitlab\guidexos\guidexos.uefi\guidexosbootloader\x64\debug\intrinsics.obj
d:\devgitlab\guidexos\guidexos.uefi\x64\debug\guidexosbootloader.exe
d:\devgitlab\guidexos\guidexos.uefi\x64\debug\guidexosbootloader.pdb
d:\devgitlab\guidexos\guidexos.uefi\guidexosbootloader\x64\debug\handoff_trampoline.obj
d:\devgitlab\guidexos\guidexos.uefi\guidexosbootloader\x64\debug\guidexos.1fedf2ad.tlog\cl.command.1.tlog
d:\devgitlab\guidexos\guidexos.uefi\guidexosbootloader\x64\debug\guidexos.1fedf2ad.tlog\cl.items.tlog
d:\devgitlab\guidexos\guidexos.uefi\guidexosbootloader\x64\debug\guidexos.1fedf2ad.tlog\cl.read.1.tlog
d:\devgitlab\guidexos\guidexos.uefi\guidexosbootloader\x64\debug\guidexos.1fedf2ad.tlog\cl.write.1.tlog
d:\devgitlab\guidexos\guidexos.uefi\guidexosbootloader\x64\debug\guidexos.1fedf2ad.tlog\link.command.1.tlog
d:\devgitlab\guidexos\guidexos.uefi\guidexosbootloader\x64\debug\guidexos.1fedf2ad.tlog\link.read.1.tlog
d:\devgitlab\guidexos\guidexos.uefi\guidexosbootloader\x64\debug\guidexos.1fedf2ad.tlog\link.secondary.1.tlog
d:\devgitlab\guidexos\guidexos.uefi\guidexosbootloader\x64\debug\guidexos.1fedf2ad.tlog\link.write.1.tlog
